10:03:43.839 [Worker-11] ERROR org.coocox.codb.common.log.ErrorLog - extraChecked  api exception!Connection timed out: connect
Connection timed out: connect
java.net.PlainSocketImpl.socketConnect(Native Method)
java.net.PlainSocketImpl.doConnect(Unknown Source)
java.net.PlainSocketImpl.connectToAddress(Unknown Source)
java.net.PlainSocketImpl.connect(Unknown Source)
java.net.SocksSocketImpl.connect(Unknown Source)
java.net.Socket.connect(Unknown Source)
java.net.Socket.connect(Unknown Source)
sun.net.NetworkClient.doConnect(Unknown Source)
sun.net.www.http.HttpClient.openServer(Unknown Source)
sun.net.www.http.HttpClient.openServer(Unknown Source)
sun.net.www.http.HttpClient.<init>(Unknown Source)
sun.net.www.http.HttpClient.New(Unknown Source)
sun.net.www.http.HttpClient.New(Unknown Source)
sun.net.www.protocol.http.HttpURLConnection.getNewHttpClient(Unknown Source)
sun.net.www.protocol.http.HttpURLConnection.plainConnect(Unknown Source)
sun.net.www.protocol.http.HttpURLConnection.connect(Unknown Source)
sun.net.www.protocol.http.HttpURLConnection.getOutputStream(Unknown Source)
org.coocox.codb.common.util.URLConnUtil.doPut(URLConnUtil.java:147)
org.coocox.codb.client.core.api.impl.ObjectExtraApiImpl.extraChecked(ObjectExtraApiImpl.java:57)
org.coocox.component.internal.core.database.ComponentDBCmdHandler.countCheckedComponent(ComponentDBCmdHandler.java:133)
org.coocox.integrate.component.table.listeners.ComponentItemCheckListener$1.run(ComponentItemCheckListener.java:224)
org.eclipse.core.internal.jobs.Worker.run(Worker.java:54)


10:04:41.721 [Worker-11] ERROR org.coocox.codb.common.log.ErrorLog - extraChecked  api exception!Connection timed out: connect
Connection timed out: connect
java.net.PlainSocketImpl.socketConnect(Native Method)
java.net.PlainSocketImpl.doConnect(Unknown Source)
java.net.PlainSocketImpl.connectToAddress(Unknown Source)
java.net.PlainSocketImpl.connect(Unknown Source)
java.net.SocksSocketImpl.connect(Unknown Source)
java.net.Socket.connect(Unknown Source)
java.net.Socket.connect(Unknown Source)
sun.net.NetworkClient.doConnect(Unknown Source)
sun.net.www.http.HttpClient.openServer(Unknown Source)
sun.net.www.http.HttpClient.openServer(Unknown Source)
sun.net.www.http.HttpClient.<init>(Unknown Source)
sun.net.www.http.HttpClient.New(Unknown Source)
sun.net.www.http.HttpClient.New(Unknown Source)
sun.net.www.protocol.http.HttpURLConnection.getNewHttpClient(Unknown Source)
sun.net.www.protocol.http.HttpURLConnection.plainConnect(Unknown Source)
sun.net.www.protocol.http.HttpURLConnection.connect(Unknown Source)
sun.net.www.protocol.http.HttpURLConnection.getOutputStream(Unknown Source)
org.coocox.codb.common.util.URLConnUtil.doPut(URLConnUtil.java:147)
org.coocox.codb.client.core.api.impl.ObjectExtraApiImpl.extraChecked(ObjectExtraApiImpl.java:57)
org.coocox.component.internal.core.database.ComponentDBCmdHandler.countCheckedComponent(ComponentDBCmdHandler.java:133)
org.coocox.integrate.component.table.listeners.ComponentItemCheckListener$1.run(ComponentItemCheckListener.java:224)
org.eclipse.core.internal.jobs.Worker.run(Worker.java:54)


10:05:14.709 [Worker-18] ERROR org.coocox.codb.common.log.ErrorLog - extraChecked  api exception!Connection timed out: connect
Connection timed out: connect
java.net.PlainSocketImpl.socketConnect(Native Method)
java.net.PlainSocketImpl.doConnect(Unknown Source)
java.net.PlainSocketImpl.connectToAddress(Unknown Source)
java.net.PlainSocketImpl.connect(Unknown Source)
java.net.SocksSocketImpl.connect(Unknown Source)
java.net.Socket.connect(Unknown Source)
java.net.Socket.connect(Unknown Source)
sun.net.NetworkClient.doConnect(Unknown Source)
sun.net.www.http.HttpClient.openServer(Unknown Source)
sun.net.www.http.HttpClient.openServer(Unknown Source)
sun.net.www.http.HttpClient.<init>(Unknown Source)
sun.net.www.http.HttpClient.New(Unknown Source)
sun.net.www.http.HttpClient.New(Unknown Source)
sun.net.www.protocol.http.HttpURLConnection.getNewHttpClient(Unknown Source)
sun.net.www.protocol.http.HttpURLConnection.plainConnect(Unknown Source)
sun.net.www.protocol.http.HttpURLConnection.connect(Unknown Source)
sun.net.www.protocol.http.HttpURLConnection.getOutputStream(Unknown Source)
org.coocox.codb.common.util.URLConnUtil.doPut(URLConnUtil.java:147)
org.coocox.codb.client.core.api.impl.ObjectExtraApiImpl.extraChecked(ObjectExtraApiImpl.java:57)
org.coocox.component.internal.core.database.ComponentDBCmdHandler.countCheckedComponent(ComponentDBCmdHandler.java:133)
org.coocox.integrate.component.table.listeners.ComponentItemCheckListener$1.run(ComponentItemCheckListener.java:224)
org.eclipse.core.internal.jobs.Worker.run(Worker.java:54)


10:05:26.709 [Worker-14] ERROR org.coocox.codb.common.log.ErrorLog - extraChecked  api exception!Connection timed out: connect
Connection timed out: connect
java.net.PlainSocketImpl.socketConnect(Native Method)
java.net.PlainSocketImpl.doConnect(Unknown Source)
java.net.PlainSocketImpl.connectToAddress(Unknown Source)
java.net.PlainSocketImpl.connect(Unknown Source)
java.net.SocksSocketImpl.connect(Unknown Source)
java.net.Socket.connect(Unknown Source)
java.net.Socket.connect(Unknown Source)
sun.net.NetworkClient.doConnect(Unknown Source)
sun.net.www.http.HttpClient.openServer(Unknown Source)
sun.net.www.http.HttpClient.openServer(Unknown Source)
sun.net.www.http.HttpClient.<init>(Unknown Source)
sun.net.www.http.HttpClient.New(Unknown Source)
sun.net.www.http.HttpClient.New(Unknown Source)
sun.net.www.protocol.http.HttpURLConnection.getNewHttpClient(Unknown Source)
sun.net.www.protocol.http.HttpURLConnection.plainConnect(Unknown Source)
sun.net.www.protocol.http.HttpURLConnection.connect(Unknown Source)
sun.net.www.protocol.http.HttpURLConnection.getOutputStream(Unknown Source)
org.coocox.codb.common.util.URLConnUtil.doPut(URLConnUtil.java:147)
org.coocox.codb.client.core.api.impl.ObjectExtraApiImpl.extraChecked(ObjectExtraApiImpl.java:57)
org.coocox.component.internal.core.database.ComponentDBCmdHandler.countCheckedComponent(ComponentDBCmdHandler.java:133)
org.coocox.integrate.component.table.listeners.ComponentItemCheckListener$1.run(ComponentItemCheckListener.java:224)
org.eclipse.core.internal.jobs.Worker.run(Worker.java:54)


10:05:40.804 [Worker-16] ERROR org.coocox.codb.common.log.ErrorLog - extraChecked  api exception!Connection timed out: connect
Connection timed out: connect
java.net.PlainSocketImpl.socketConnect(Native Method)
java.net.PlainSocketImpl.doConnect(Unknown Source)
java.net.PlainSocketImpl.connectToAddress(Unknown Source)
java.net.PlainSocketImpl.connect(Unknown Source)
java.net.SocksSocketImpl.connect(Unknown Source)
java.net.Socket.connect(Unknown Source)
java.net.Socket.connect(Unknown Source)
sun.net.NetworkClient.doConnect(Unknown Source)
sun.net.www.http.HttpClient.openServer(Unknown Source)
sun.net.www.http.HttpClient.openServer(Unknown Source)
sun.net.www.http.HttpClient.<init>(Unknown Source)
sun.net.www.http.HttpClient.New(Unknown Source)
sun.net.www.http.HttpClient.New(Unknown Source)
sun.net.www.protocol.http.HttpURLConnection.getNewHttpClient(Unknown Source)
sun.net.www.protocol.http.HttpURLConnection.plainConnect(Unknown Source)
sun.net.www.protocol.http.HttpURLConnection.connect(Unknown Source)
sun.net.www.protocol.http.HttpURLConnection.getOutputStream(Unknown Source)
org.coocox.codb.common.util.URLConnUtil.doPut(URLConnUtil.java:147)
org.coocox.codb.client.core.api.impl.ObjectExtraApiImpl.extraChecked(ObjectExtraApiImpl.java:57)
org.coocox.component.internal.core.database.ComponentDBCmdHandler.countCheckedComponent(ComponentDBCmdHandler.java:133)
org.coocox.integrate.component.table.listeners.ComponentItemCheckListener$1.run(ComponentItemCheckListener.java:224)
org.eclipse.core.internal.jobs.Worker.run(Worker.java:54)


10:06:00.724 [Worker-18] ERROR org.coocox.codb.common.log.ErrorLog - extraChecked  api exception!Connection timed out: connect
Connection timed out: connect
java.net.PlainSocketImpl.socketConnect(Native Method)
java.net.PlainSocketImpl.doConnect(Unknown Source)
java.net.PlainSocketImpl.connectToAddress(Unknown Source)
java.net.PlainSocketImpl.connect(Unknown Source)
java.net.SocksSocketImpl.connect(Unknown Source)
java.net.Socket.connect(Unknown Source)
java.net.Socket.connect(Unknown Source)
sun.net.NetworkClient.doConnect(Unknown Source)
sun.net.www.http.HttpClient.openServer(Unknown Source)
sun.net.www.http.HttpClient.openServer(Unknown Source)
sun.net.www.http.HttpClient.<init>(Unknown Source)
sun.net.www.http.HttpClient.New(Unknown Source)
sun.net.www.http.HttpClient.New(Unknown Source)
sun.net.www.protocol.http.HttpURLConnection.getNewHttpClient(Unknown Source)
sun.net.www.protocol.http.HttpURLConnection.plainConnect(Unknown Source)
sun.net.www.protocol.http.HttpURLConnection.connect(Unknown Source)
sun.net.www.protocol.http.HttpURLConnection.getOutputStream(Unknown Source)
org.coocox.codb.common.util.URLConnUtil.doPut(URLConnUtil.java:147)
org.coocox.codb.client.core.api.impl.ObjectExtraApiImpl.extraChecked(ObjectExtraApiImpl.java:57)
org.coocox.component.internal.core.database.ComponentDBCmdHandler.countCheckedComponent(ComponentDBCmdHandler.java:133)
org.coocox.integrate.component.table.listeners.ComponentItemCheckListener$1.run(ComponentItemCheckListener.java:224)
org.eclipse.core.internal.jobs.Worker.run(Worker.java:54)


10:10:00.988 [Worker-19] ERROR org.coocox.codb.common.log.ErrorLog - extraChecked  api exception!Connection timed out: connect
Connection timed out: connect
java.net.PlainSocketImpl.socketConnect(Native Method)
java.net.PlainSocketImpl.doConnect(Unknown Source)
java.net.PlainSocketImpl.connectToAddress(Unknown Source)
java.net.PlainSocketImpl.connect(Unknown Source)
java.net.SocksSocketImpl.connect(Unknown Source)
java.net.Socket.connect(Unknown Source)
java.net.Socket.connect(Unknown Source)
sun.net.NetworkClient.doConnect(Unknown Source)
sun.net.www.http.HttpClient.openServer(Unknown Source)
sun.net.www.http.HttpClient.openServer(Unknown Source)
sun.net.www.http.HttpClient.<init>(Unknown Source)
sun.net.www.http.HttpClient.New(Unknown Source)
sun.net.www.http.HttpClient.New(Unknown Source)
sun.net.www.protocol.http.HttpURLConnection.getNewHttpClient(Unknown Source)
sun.net.www.protocol.http.HttpURLConnection.plainConnect(Unknown Source)
sun.net.www.protocol.http.HttpURLConnection.connect(Unknown Source)
sun.net.www.protocol.http.HttpURLConnection.getOutputStream(Unknown Source)
org.coocox.codb.common.util.URLConnUtil.doPut(URLConnUtil.java:147)
org.coocox.codb.client.core.api.impl.ObjectExtraApiImpl.extraChecked(ObjectExtraApiImpl.java:57)
org.coocox.component.internal.core.database.ComponentDBCmdHandler.countCheckedComponent(ComponentDBCmdHandler.java:133)
org.coocox.integrate.component.table.listeners.ComponentItemCheckListener$1.run(ComponentItemCheckListener.java:224)
org.eclipse.core.internal.jobs.Worker.run(Worker.java:54)


10:10:11.692 [Worker-20] ERROR org.coocox.codb.common.log.ErrorLog - extraChecked  api exception!Connection timed out: connect
Connection timed out: connect
java.net.PlainSocketImpl.socketConnect(Native Method)
java.net.PlainSocketImpl.doConnect(Unknown Source)
java.net.PlainSocketImpl.connectToAddress(Unknown Source)
java.net.PlainSocketImpl.connect(Unknown Source)
java.net.SocksSocketImpl.connect(Unknown Source)
java.net.Socket.connect(Unknown Source)
java.net.Socket.connect(Unknown Source)
sun.net.NetworkClient.doConnect(Unknown Source)
sun.net.www.http.HttpClient.openServer(Unknown Source)
sun.net.www.http.HttpClient.openServer(Unknown Source)
sun.net.www.http.HttpClient.<init>(Unknown Source)
sun.net.www.http.HttpClient.New(Unknown Source)
sun.net.www.http.HttpClient.New(Unknown Source)
sun.net.www.protocol.http.HttpURLConnection.getNewHttpClient(Unknown Source)
sun.net.www.protocol.http.HttpURLConnection.plainConnect(Unknown Source)
sun.net.www.protocol.http.HttpURLConnection.connect(Unknown Source)
sun.net.www.protocol.http.HttpURLConnection.getOutputStream(Unknown Source)
org.coocox.codb.common.util.URLConnUtil.doPut(URLConnUtil.java:147)
org.coocox.codb.client.core.api.impl.ObjectExtraApiImpl.extraChecked(ObjectExtraApiImpl.java:57)
org.coocox.component.internal.core.database.ComponentDBCmdHandler.countCheckedComponent(ComponentDBCmdHandler.java:133)
org.coocox.integrate.component.table.listeners.ComponentItemCheckListener$1.run(ComponentItemCheckListener.java:224)
org.eclipse.core.internal.jobs.Worker.run(Worker.java:54)


10:10:22.957 [Worker-22] ERROR org.coocox.codb.common.log.ErrorLog - extraChecked  api exception!Connection timed out: connect
Connection timed out: connect
java.net.PlainSocketImpl.socketConnect(Native Method)
java.net.PlainSocketImpl.doConnect(Unknown Source)
java.net.PlainSocketImpl.connectToAddress(Unknown Source)
java.net.PlainSocketImpl.connect(Unknown Source)
java.net.SocksSocketImpl.connect(Unknown Source)
java.net.Socket.connect(Unknown Source)
java.net.Socket.connect(Unknown Source)
sun.net.NetworkClient.doConnect(Unknown Source)
sun.net.www.http.HttpClient.openServer(Unknown Source)
sun.net.www.http.HttpClient.openServer(Unknown Source)
sun.net.www.http.HttpClient.<init>(Unknown Source)
sun.net.www.http.HttpClient.New(Unknown Source)
sun.net.www.http.HttpClient.New(Unknown Source)
sun.net.www.protocol.http.HttpURLConnection.getNewHttpClient(Unknown Source)
sun.net.www.protocol.http.HttpURLConnection.plainConnect(Unknown Source)
sun.net.www.protocol.http.HttpURLConnection.connect(Unknown Source)
sun.net.www.protocol.http.HttpURLConnection.getOutputStream(Unknown Source)
org.coocox.codb.common.util.URLConnUtil.doPut(URLConnUtil.java:147)
org.coocox.codb.client.core.api.impl.ObjectExtraApiImpl.extraChecked(ObjectExtraApiImpl.java:57)
org.coocox.component.internal.core.database.ComponentDBCmdHandler.countCheckedComponent(ComponentDBCmdHandler.java:133)
org.coocox.integrate.component.table.listeners.ComponentItemCheckListener$1.run(ComponentItemCheckListener.java:224)
org.eclipse.core.internal.jobs.Worker.run(Worker.java:54)


10:10:36.113 [Worker-23] ERROR org.coocox.codb.common.log.ErrorLog - extraChecked  api exception!Connection timed out: connect
Connection timed out: connect
java.net.PlainSocketImpl.socketConnect(Native Method)
java.net.PlainSocketImpl.doConnect(Unknown Source)
java.net.PlainSocketImpl.connectToAddress(Unknown Source)
java.net.PlainSocketImpl.connect(Unknown Source)
java.net.SocksSocketImpl.connect(Unknown Source)
java.net.Socket.connect(Unknown Source)
java.net.Socket.connect(Unknown Source)
sun.net.NetworkClient.doConnect(Unknown Source)
sun.net.www.http.HttpClient.openServer(Unknown Source)
sun.net.www.http.HttpClient.openServer(Unknown Source)
sun.net.www.http.HttpClient.<init>(Unknown Source)
sun.net.www.http.HttpClient.New(Unknown Source)
sun.net.www.http.HttpClient.New(Unknown Source)
sun.net.www.protocol.http.HttpURLConnection.getNewHttpClient(Unknown Source)
sun.net.www.protocol.http.HttpURLConnection.plainConnect(Unknown Source)
sun.net.www.protocol.http.HttpURLConnection.connect(Unknown Source)
sun.net.www.protocol.http.HttpURLConnection.getOutputStream(Unknown Source)
org.coocox.codb.common.util.URLConnUtil.doPut(URLConnUtil.java:147)
org.coocox.codb.client.core.api.impl.ObjectExtraApiImpl.extraChecked(ObjectExtraApiImpl.java:57)
org.coocox.component.internal.core.database.ComponentDBCmdHandler.countCheckedComponent(ComponentDBCmdHandler.java:133)
org.coocox.integrate.component.table.listeners.ComponentItemCheckListener$1.run(ComponentItemCheckListener.java:224)
org.eclipse.core.internal.jobs.Worker.run(Worker.java:54)


10:10:54.940 [Worker-19] ERROR org.coocox.codb.common.log.ErrorLog - extraChecked  api exception!Connection timed out: connect
Connection timed out: connect
java.net.PlainSocketImpl.socketConnect(Native Method)
java.net.PlainSocketImpl.doConnect(Unknown Source)
java.net.PlainSocketImpl.connectToAddress(Unknown Source)
java.net.PlainSocketImpl.connect(Unknown Source)
java.net.SocksSocketImpl.connect(Unknown Source)
java.net.Socket.connect(Unknown Source)
java.net.Socket.connect(Unknown Source)
sun.net.NetworkClient.doConnect(Unknown Source)
sun.net.www.http.HttpClient.openServer(Unknown Source)
sun.net.www.http.HttpClient.openServer(Unknown Source)
sun.net.www.http.HttpClient.<init>(Unknown Source)
sun.net.www.http.HttpClient.New(Unknown Source)
sun.net.www.http.HttpClient.New(Unknown Source)
sun.net.www.protocol.http.HttpURLConnection.getNewHttpClient(Unknown Source)
sun.net.www.protocol.http.HttpURLConnection.plainConnect(Unknown Source)
sun.net.www.protocol.http.HttpURLConnection.connect(Unknown Source)
sun.net.www.protocol.http.HttpURLConnection.getOutputStream(Unknown Source)
org.coocox.codb.common.util.URLConnUtil.doPut(URLConnUtil.java:147)
org.coocox.codb.client.core.api.impl.ObjectExtraApiImpl.extraChecked(ObjectExtraApiImpl.java:57)
org.coocox.component.internal.core.database.ComponentDBCmdHandler.countCheckedComponent(ComponentDBCmdHandler.java:133)
org.coocox.integrate.component.table.listeners.ComponentItemCheckListener$1.run(ComponentItemCheckListener.java:224)
org.eclipse.core.internal.jobs.Worker.run(Worker.java:54)


10:11:06.236 [Worker-22] ERROR org.coocox.codb.common.log.ErrorLog - extraChecked  api exception!Connection timed out: connect
Connection timed out: connect
java.net.PlainSocketImpl.socketConnect(Native Method)
java.net.PlainSocketImpl.doConnect(Unknown Source)
java.net.PlainSocketImpl.connectToAddress(Unknown Source)
java.net.PlainSocketImpl.connect(Unknown Source)
java.net.SocksSocketImpl.connect(Unknown Source)
java.net.Socket.connect(Unknown Source)
java.net.Socket.connect(Unknown Source)
sun.net.NetworkClient.doConnect(Unknown Source)
sun.net.www.http.HttpClient.openServer(Unknown Source)
sun.net.www.http.HttpClient.openServer(Unknown Source)
sun.net.www.http.HttpClient.<init>(Unknown Source)
sun.net.www.http.HttpClient.New(Unknown Source)
sun.net.www.http.HttpClient.New(Unknown Source)
sun.net.www.protocol.http.HttpURLConnection.getNewHttpClient(Unknown Source)
sun.net.www.protocol.http.HttpURLConnection.plainConnect(Unknown Source)
sun.net.www.protocol.http.HttpURLConnection.connect(Unknown Source)
sun.net.www.protocol.http.HttpURLConnection.getOutputStream(Unknown Source)
org.coocox.codb.common.util.URLConnUtil.doPut(URLConnUtil.java:147)
org.coocox.codb.client.core.api.impl.ObjectExtraApiImpl.extraChecked(ObjectExtraApiImpl.java:57)
org.coocox.component.internal.core.database.ComponentDBCmdHandler.countCheckedComponent(ComponentDBCmdHandler.java:133)
org.coocox.integrate.component.table.listeners.ComponentItemCheckListener$1.run(ComponentItemCheckListener.java:224)
org.eclipse.core.internal.jobs.Worker.run(Worker.java:54)


10:11:18.814 [Worker-11] ERROR org.coocox.codb.common.log.ErrorLog - extraChecked  api exception!Connection timed out: connect
Connection timed out: connect
java.net.PlainSocketImpl.socketConnect(Native Method)
java.net.PlainSocketImpl.doConnect(Unknown Source)
java.net.PlainSocketImpl.connectToAddress(Unknown Source)
java.net.PlainSocketImpl.connect(Unknown Source)
java.net.SocksSocketImpl.connect(Unknown Source)
java.net.Socket.connect(Unknown Source)
java.net.Socket.connect(Unknown Source)
sun.net.NetworkClient.doConnect(Unknown Source)
sun.net.www.http.HttpClient.openServer(Unknown Source)
sun.net.www.http.HttpClient.openServer(Unknown Source)
sun.net.www.http.HttpClient.<init>(Unknown Source)
sun.net.www.http.HttpClient.New(Unknown Source)
sun.net.www.http.HttpClient.New(Unknown Source)
sun.net.www.protocol.http.HttpURLConnection.getNewHttpClient(Unknown Source)
sun.net.www.protocol.http.HttpURLConnection.plainConnect(Unknown Source)
sun.net.www.protocol.http.HttpURLConnection.connect(Unknown Source)
sun.net.www.protocol.http.HttpURLConnection.getOutputStream(Unknown Source)
org.coocox.codb.common.util.URLConnUtil.doPut(URLConnUtil.java:147)
org.coocox.codb.client.core.api.impl.ObjectExtraApiImpl.extraChecked(ObjectExtraApiImpl.java:57)
org.coocox.component.internal.core.database.ComponentDBCmdHandler.countCheckedComponent(ComponentDBCmdHandler.java:133)
org.coocox.integrate.component.table.listeners.ComponentItemCheckListener$1.run(ComponentItemCheckListener.java:224)
org.eclipse.core.internal.jobs.Worker.run(Worker.java:54)


